Using config:
{'B_VALIDATION': False,
 'CONFIG_NAME': 'DAMSM',
 'CUDA': True,
 'DATASET_NAME': 'birds',
 'DATA_DIR': '../data/birds',
 'GAN': {'B_ATTENTION': True,
         'B_DCGAN': False,
         'CONDITION_DIM': 100,
         'DF_DIM': 64,
         'GF_DIM': 128,
         'R_NUM': 2,
         'Z_DIM': 100},
 'GPU_ID': 0,
 'RNN_TYPE': 'LSTM',
 'TEXT': {'CAPTIONS_PER_IMAGE': 10, 'EMBEDDING_DIM': 256, 'WORDS_NUM': 18},
 'TRAIN': {'BATCH_SIZE': 48,
           'B_NET_D': True,
           'DISCRIMINATOR_LR': 0.0002,
           'ENCODER_LR': 0.002,
           'FLAG': True,
           'GENERATOR_LR': 0.0002,
           'MAX_EPOCH': 600,
           'NET_E': '',
           'NET_G': '',
           'RNN_GRAD_CLIP': 0.25,
           'SMOOTH': {'GAMMA1': 4.0,
                      'GAMMA2': 5.0,
                      'GAMMA3': 10.0,
                      'LAMBDA': 1.0},
           'SNAPSHOT_INTERVAL': 50},
 'TREE': {'BASE_SIZE': 299, 'BRANCH_NUM': 1},
 'WORKERS': 1}
Total filenames:  11788 001.Black_footed_Albatross/Black_Footed_Albatross_0046_18.jpg
Load filenames from: ../data/birds/train/filenames.pickle (8855)
Load filenames from: ../data/birds/test/filenames.pickle (2933)
Load from:  ../data/birds/captions.pickle
5450 10
Total filenames:  11788 001.Black_footed_Albatross/Black_Footed_Albatross_0046_18.jpg
Load filenames from: ../data/birds/train/filenames.pickle (8855)
Load filenames from: ../data/birds/test/filenames.pickle (2933)
Load from:  ../data/birds/captions.pickle
Load pretrained model from  https://download.pytorch.org/models/inception_v3_google-1a9a5a14.pth
/home/ankur_ab7/DL_Project/DL-ArtificialPainter/AttnGAN-master/code/miscc/config.py:103: YAMLLoadWarning: calling yaml.load() without Loader=... is deprecated, as the default Loader is unsafe. Please read https://msg.pyyaml.org/load for full details.
  yaml_cfg = edict(yaml.load(f))
/opt/conda/lib/python3.7/site-packages/torch/nn/modules/rnn.py:63: UserWarning: dropout option adds dropout after all but last recurrent layer, so non-zero dropout expects num_layers greater than 1, but got dropout=0.5 and num_layers=1
  "num_layers={}".format(dropout, num_layers))
/opt/conda/lib/python3.7/site-packages/torchvision/models/inception.py:82: FutureWarning: The default weight initialization of inception_v3 will be changed in future releases of torchvision. If you wish to keep the old behavior (which leads to long initialization times due to scipy/scipy#11299), please set init_weights=True.
  ' due to scipy/scipy#11299), please set init_weights=True.', FutureWarning)
| epoch   0 |     0/  184 batches | ms/batch 31.80 | s_loss  0.02  0.02 | w_loss  0.02  0.02
-----------------------------------------------------------------------------------------
/home/ankur_ab7/DL_Project/DL-ArtificialPainter/AttnGAN-master/code/miscc/losses.py:125: UserWarning: masked_fill_ received a mask with dtype torch.uint8, this behavior is now deprecated,please use a mask with dtype torch.bool instead. (Triggered internally at  /opt/conda/conda-bld/pytorch_1614378098133/work/aten/src/ATen/native/cuda/LegacyDefinitions.cpp:28.)
  similarities.data.masked_fill_(masks, -float('inf'))
/home/ankur_ab7/DL_Project/DL-ArtificialPainter/AttnGAN-master/code/miscc/losses.py:52: UserWarning: masked_fill_ received a mask with dtype torch.uint8, this behavior is now deprecated,please use a mask with dtype torch.bool instead. (Triggered internally at  /opt/conda/conda-bld/pytorch_1614378098133/work/aten/src/ATen/native/cuda/LegacyDefinitions.cpp:28.)
  scores0.data.masked_fill_(masks, -float('inf'))
pretrain_DAMSM.py:97: UserWarning: torch.nn.utils.clip_grad_norm is now deprecated in favor of torch.nn.utils.clip_grad_norm_.
  cfg.TRAIN.RNN_GRAD_CLIP)
| end epoch   0 | valid loss  6.48  6.32 | lr 0.00200|
-----------------------------------------------------------------------------------------
Save G/Ds models.
| epoch   1 |     0/  184 batches | ms/batch  6.56 | s_loss  0.02  0.02 | w_loss  0.02  0.02
-----------------------------------------------------------------------------------------
| end epoch   1 | valid loss  6.21  5.93 | lr 0.00196|
-----------------------------------------------------------------------------------------
| epoch   2 |     0/  184 batches | ms/batch  6.19 | s_loss  0.01  0.01 | w_loss  0.01  0.01
-----------------------------------------------------------------------------------------
| end epoch   2 | valid loss  6.00  5.52 | lr 0.00192|
-----------------------------------------------------------------------------------------
| epoch   3 |     0/  184 batches | ms/batch  6.32 | s_loss  0.01  0.01 | w_loss  0.01  0.01
-----------------------------------------------------------------------------------------
| end epoch   3 | valid loss  5.92  5.30 | lr 0.00188|
-----------------------------------------------------------------------------------------
| epoch   4 |     0/  184 batches | ms/batch  6.28 | s_loss  0.01  0.01 | w_loss  0.01  0.01
-----------------------------------------------------------------------------------------
| end epoch   4 | valid loss  5.86  5.22 | lr 0.00184|
-----------------------------------------------------------------------------------------
| epoch   5 |     0/  184 batches | ms/batch  6.34 | s_loss  0.01  0.01 | w_loss  0.01  0.01
-----------------------------------------------------------------------------------------
| end epoch   5 | valid loss  5.69  5.07 | lr 0.00181|
-----------------------------------------------------------------------------------------
| epoch   6 |     0/  184 batches | ms/batch  6.49 | s_loss  0.01  0.01 | w_loss  0.01  0.01
-----------------------------------------------------------------------------------------
| end epoch   6 | valid loss  5.63  5.13 | lr 0.00177|
-----------------------------------------------------------------------------------------
| epoch   7 |     0/  184 batches | ms/batch  6.54 | s_loss  0.01  0.01 | w_loss  0.01  0.01
-----------------------------------------------------------------------------------------
| end epoch   7 | valid loss  5.56  4.98 | lr 0.00174|
-----------------------------------------------------------------------------------------
| epoch   8 |     0/  184 batches | ms/batch  6.46 | s_loss  0.01  0.01 | w_loss  0.01  0.01
-----------------------------------------------------------------------------------------
| end epoch   8 | valid loss  5.44  4.83 | lr 0.00170|
-----------------------------------------------------------------------------------------
| epoch   9 |     0/  184 batches | ms/batch  6.68 | s_loss  0.01  0.01 | w_loss  0.01  0.01
-----------------------------------------------------------------------------------------
| end epoch   9 | valid loss  5.50  4.86 | lr 0.00167|
-----------------------------------------------------------------------------------------
| epoch  10 |     0/  184 batches | ms/batch  6.75 | s_loss  0.01  0.01 | w_loss  0.01  0.01
-----------------------------------------------------------------------------------------
| end epoch  10 | valid loss  5.47  4.89 | lr 0.00163|
-----------------------------------------------------------------------------------------
| epoch  11 |     0/  184 batches | ms/batch  6.41 | s_loss  0.01  0.01 | w_loss  0.01  0.01
-----------------------------------------------------------------------------------------
| end epoch  11 | valid loss  5.39  4.79 | lr 0.00160|
-----------------------------------------------------------------------------------------
| epoch  12 |     0/  184 batches | ms/batch  6.50 | s_loss  0.01  0.01 | w_loss  0.01  0.01
-----------------------------------------------------------------------------------------
| end epoch  12 | valid loss  5.33  4.71 | lr 0.00157|
-----------------------------------------------------------------------------------------
| epoch  13 |     0/  184 batches | ms/batch  6.41 | s_loss  0.01  0.01 | w_loss  0.01  0.01
-----------------------------------------------------------------------------------------
| end epoch  13 | valid loss  5.37  4.84 | lr 0.00154|
-----------------------------------------------------------------------------------------
| epoch  14 |     0/  184 batches | ms/batch  6.56 | s_loss  0.01  0.01 | w_loss  0.01  0.01
-----------------------------------------------------------------------------------------
| end epoch  14 | valid loss  5.44  4.77 | lr 0.00151|
-----------------------------------------------------------------------------------------
| epoch  15 |     0/  184 batches | ms/batch  6.67 | s_loss  0.01  0.01 | w_loss  0.01  0.01
-----------------------------------------------------------------------------------------
| end epoch  15 | valid loss  5.33  4.66 | lr 0.00148|
-----------------------------------------------------------------------------------------
| epoch  16 |     0/  184 batches | ms/batch  6.99 | s_loss  0.01  0.01 | w_loss  0.01  0.01
-----------------------------------------------------------------------------------------
| end epoch  16 | valid loss  5.32  4.68 | lr 0.00145|
-----------------------------------------------------------------------------------------
| epoch  17 |     0/  184 batches | ms/batch  6.56 | s_loss  0.01  0.01 | w_loss  0.01  0.01
-----------------------------------------------------------------------------------------
| end epoch  17 | valid loss  5.33  4.65 | lr 0.00142|
-----------------------------------------------------------------------------------------
| epoch  18 |     0/  184 batches | ms/batch  6.57 | s_loss  0.01  0.01 | w_loss  0.01  0.01
-----------------------------------------------------------------------------------------
| end epoch  18 | valid loss  5.35  4.61 | lr 0.00139|
-----------------------------------------------------------------------------------------
| epoch  19 |     0/  184 batches | ms/batch  6.63 | s_loss  0.01  0.01 | w_loss  0.01  0.01
-----------------------------------------------------------------------------------------
| end epoch  19 | valid loss  5.26  4.63 | lr 0.00136|
-----------------------------------------------------------------------------------------
| epoch  20 |     0/  184 batches | ms/batch  6.42 | s_loss  0.01  0.01 | w_loss  0.01  0.01
-----------------------------------------------------------------------------------------
| end epoch  20 | valid loss  5.27  4.66 | lr 0.00134|
-----------------------------------------------------------------------------------------
| epoch  21 |     0/  184 batches | ms/batch  6.39 | s_loss  0.01  0.01 | w_loss  0.01  0.01
-----------------------------------------------------------------------------------------
| end epoch  21 | valid loss  5.31  4.72 | lr 0.00131|
-----------------------------------------------------------------------------------------
| epoch  22 |     0/  184 batches | ms/batch  6.55 | s_loss  0.01  0.01 | w_loss  0.01  0.01
-----------------------------------------------------------------------------------------
| end epoch  22 | valid loss  5.30  4.68 | lr 0.00128|
-----------------------------------------------------------------------------------------
| epoch  23 |     0/  184 batches | ms/batch  6.50 | s_loss  0.01  0.01 | w_loss  0.01  0.01
-----------------------------------------------------------------------------------------
| end epoch  23 | valid loss  5.30  4.57 | lr 0.00126|
-----------------------------------------------------------------------------------------
| epoch  24 |     0/  184 batches | ms/batch  6.40 | s_loss  0.01  0.01 | w_loss  0.01  0.01
-----------------------------------------------------------------------------------------
| end epoch  24 | valid loss  5.28  4.58 | lr 0.00123|
-----------------------------------------------------------------------------------------
| epoch  25 |     0/  184 batches | ms/batch  6.33 | s_loss  0.01  0.01 | w_loss  0.01  0.01
-----------------------------------------------------------------------------------------
| end epoch  25 | valid loss  5.21  4.62 | lr 0.00121|
-----------------------------------------------------------------------------------------
| epoch  26 |     0/  184 batches | ms/batch  6.21 | s_loss  0.01  0.01 | w_loss  0.01  0.01
-----------------------------------------------------------------------------------------
| end epoch  26 | valid loss  5.30  4.67 | lr 0.00118|
-----------------------------------------------------------------------------------------
| epoch  27 |     0/  184 batches | ms/batch  6.91 | s_loss  0.01  0.01 | w_loss  0.01  0.01
-----------------------------------------------------------------------------------------
| end epoch  27 | valid loss  5.12  4.52 | lr 0.00116|
-----------------------------------------------------------------------------------------
| epoch  28 |     0/  184 batches | ms/batch  6.66 | s_loss  0.01  0.01 | w_loss  0.01  0.01
-----------------------------------------------------------------------------------------
| end epoch  28 | valid loss  5.19  4.59 | lr 0.00114|
-----------------------------------------------------------------------------------------
| epoch  29 |     0/  184 batches | ms/batch  6.52 | s_loss  0.01  0.01 | w_loss  0.01  0.01
-----------------------------------------------------------------------------------------
| end epoch  29 | valid loss  5.09  4.46 | lr 0.00111|
-----------------------------------------------------------------------------------------
| epoch  30 |     0/  184 batches | ms/batch  6.72 | s_loss  0.01  0.01 | w_loss  0.01  0.01
-----------------------------------------------------------------------------------------
| end epoch  30 | valid loss  5.24  4.62 | lr 0.00109|
-----------------------------------------------------------------------------------------
| epoch  31 |     0/  184 batches | ms/batch  6.34 | s_loss  0.01  0.01 | w_loss  0.01  0.01
-----------------------------------------------------------------------------------------
| end epoch  31 | valid loss  5.06  4.47 | lr 0.00107|
-----------------------------------------------------------------------------------------
| epoch  32 |     0/  184 batches | ms/batch  6.56 | s_loss  0.01  0.01 | w_loss  0.01  0.01
-----------------------------------------------------------------------------------------
| end epoch  32 | valid loss  5.26  4.62 | lr 0.00105|
-----------------------------------------------------------------------------------------
| epoch  33 |     0/  184 batches | ms/batch  6.62 | s_loss  0.01  0.01 | w_loss  0.01  0.01
-----------------------------------------------------------------------------------------
| end epoch  33 | valid loss  5.15  4.43 | lr 0.00103|
-----------------------------------------------------------------------------------------
| epoch  34 |     0/  184 batches | ms/batch  6.29 | s_loss  0.01  0.01 | w_loss  0.01  0.01
-----------------------------------------------------------------------------------------
| end epoch  34 | valid loss  5.14  4.53 | lr 0.00101|
-----------------------------------------------------------------------------------------
| epoch  35 |     0/  184 batches | ms/batch  6.63 | s_loss  0.01  0.01 | w_loss  0.01  0.01
-----------------------------------------------------------------------------------------
| end epoch  35 | valid loss  5.10  4.50 | lr 0.00099|
-----------------------------------------------------------------------------------------
| epoch  36 |     0/  184 batches | ms/batch  6.58 | s_loss  0.01  0.01 | w_loss  0.01  0.01
-----------------------------------------------------------------------------------------
| end epoch  36 | valid loss  5.17  4.52 | lr 0.00097|
-----------------------------------------------------------------------------------------
| epoch  37 |     0/  184 batches | ms/batch  6.43 | s_loss  0.01  0.01 | w_loss  0.01  0.01
-----------------------------------------------------------------------------------------
| end epoch  37 | valid loss  5.17  4.57 | lr 0.00095|
-----------------------------------------------------------------------------------------
| epoch  38 |     0/  184 batches | ms/batch  6.41 | s_loss  0.01  0.01 | w_loss  0.01  0.01
-----------------------------------------------------------------------------------------
| end epoch  38 | valid loss  5.07  4.49 | lr 0.00093|
-----------------------------------------------------------------------------------------
| epoch  39 |     0/  184 batches | ms/batch  6.50 | s_loss  0.01  0.01 | w_loss  0.01  0.01
-----------------------------------------------------------------------------------------
| end epoch  39 | valid loss  5.11  4.42 | lr 0.00091|
-----------------------------------------------------------------------------------------
| epoch  40 |     0/  184 batches | ms/batch  6.23 | s_loss  0.01  0.01 | w_loss  0.01  0.01
-----------------------------------------------------------------------------------------
| end epoch  40 | valid loss  5.12  4.44 | lr 0.00089|
-----------------------------------------------------------------------------------------
| epoch  41 |     0/  184 batches | ms/batch  6.21 | s_loss  0.01  0.01 | w_loss  0.01  0.01
-----------------------------------------------------------------------------------------
| end epoch  41 | valid loss  5.21  4.60 | lr 0.00087|
-----------------------------------------------------------------------------------------
| epoch  42 |     0/  184 batches | ms/batch  6.58 | s_loss  0.01  0.01 | w_loss  0.01  0.01
-----------------------------------------------------------------------------------------
| end epoch  42 | valid loss  5.16  4.50 | lr 0.00086|
-----------------------------------------------------------------------------------------
| epoch  43 |     0/  184 batches | ms/batch  6.78 | s_loss  0.01  0.01 | w_loss  0.01  0.01
-----------------------------------------------------------------------------------------
| end epoch  43 | valid loss  5.17  4.51 | lr 0.00084|
-----------------------------------------------------------------------------------------
| epoch  44 |     0/  184 batches | ms/batch  6.51 | s_loss  0.01  0.01 | w_loss  0.01  0.01
-----------------------------------------------------------------------------------------
| end epoch  44 | valid loss  5.10  4.44 | lr 0.00082|
-----------------------------------------------------------------------------------------
| epoch  45 |     0/  184 batches | ms/batch  6.42 | s_loss  0.01  0.01 | w_loss  0.01  0.01
-----------------------------------------------------------------------------------------
| end epoch  45 | valid loss  5.19  4.57 | lr 0.00081|
-----------------------------------------------------------------------------------------
| epoch  46 |     0/  184 batches | ms/batch  6.32 | s_loss  0.01  0.01 | w_loss  0.01  0.01
-----------------------------------------------------------------------------------------
| end epoch  46 | valid loss  5.16  4.50 | lr 0.00079|
-----------------------------------------------------------------------------------------
| epoch  47 |     0/  184 batches | ms/batch  6.36 | s_loss  0.01  0.01 | w_loss  0.01  0.01
-----------------------------------------------------------------------------------------
| end epoch  47 | valid loss  5.15  4.54 | lr 0.00077|
-----------------------------------------------------------------------------------------
| epoch  48 |     0/  184 batches | ms/batch  6.56 | s_loss  0.01  0.01 | w_loss  0.01  0.01
-----------------------------------------------------------------------------------------
| end epoch  48 | valid loss  5.12  4.53 | lr 0.00076|
-----------------------------------------------------------------------------------------
| epoch  49 |     0/  184 batches | ms/batch  6.37 | s_loss  0.01  0.01 | w_loss  0.01  0.01
-----------------------------------------------------------------------------------------
| end epoch  49 | valid loss  5.03  4.37 | lr 0.00074|
-----------------------------------------------------------------------------------------
| epoch  50 |     0/  184 batches | ms/batch  6.21 | s_loss  0.01  0.01 | w_loss  0.01  0.01
-----------------------------------------------------------------------------------------
| end epoch  50 | valid loss  5.14  4.48 | lr 0.00073|
-----------------------------------------------------------------------------------------
Save G/Ds models.
| epoch  51 |     0/  184 batches | ms/batch  6.15 | s_loss  0.01  0.01 | w_loss  0.01  0.01
-----------------------------------------------------------------------------------------
| end epoch  51 | valid loss  5.15  4.46 | lr 0.00071|
-----------------------------------------------------------------------------------------
| epoch  52 |     0/  184 batches | ms/batch  6.37 | s_loss  0.01  0.01 | w_loss  0.01  0.01
-----------------------------------------------------------------------------------------
| end epoch  52 | valid loss  5.13  4.42 | lr 0.00070|
-----------------------------------------------------------------------------------------
| epoch  53 |     0/  184 batches | ms/batch  6.31 | s_loss  0.01  0.01 | w_loss  0.01  0.01
-----------------------------------------------------------------------------------------
| end epoch  53 | valid loss  5.19  4.52 | lr 0.00069|
-----------------------------------------------------------------------------------------
| epoch  54 |     0/  184 batches | ms/batch  6.70 | s_loss  0.01  0.01 | w_loss  0.01  0.01
-----------------------------------------------------------------------------------------
| end epoch  54 | valid loss  5.11  4.53 | lr 0.00067|
-----------------------------------------------------------------------------------------
| epoch  55 |     0/  184 batches | ms/batch  6.80 | s_loss  0.01  0.01 | w_loss  0.01  0.01
-----------------------------------------------------------------------------------------
| end epoch  55 | valid loss  5.01  4.45 | lr 0.00066|
-----------------------------------------------------------------------------------------
| epoch  56 |     0/  184 batches | ms/batch  6.70 | s_loss  0.01  0.01 | w_loss  0.01  0.01
-----------------------------------------------------------------------------------------
| end epoch  56 | valid loss  5.09  4.44 | lr 0.00065|
-----------------------------------------------------------------------------------------
| epoch  57 |     0/  184 batches | ms/batch  6.68 | s_loss  0.01  0.01 | w_loss  0.01  0.01
-----------------------------------------------------------------------------------------
| end epoch  57 | valid loss  5.09  4.44 | lr 0.00063|
-----------------------------------------------------------------------------------------
| epoch  58 |     0/  184 batches | ms/batch  6.32 | s_loss  0.01  0.01 | w_loss  0.01  0.01
-----------------------------------------------------------------------------------------
| end epoch  58 | valid loss  5.01  4.38 | lr 0.00062|
-----------------------------------------------------------------------------------------
| epoch  59 |     0/  184 batches | ms/batch  6.37 | s_loss  0.01  0.01 | w_loss  0.01  0.01
-----------------------------------------------------------------------------------------
| end epoch  59 | valid loss  5.18  4.53 | lr 0.00061|
-----------------------------------------------------------------------------------------
| epoch  60 |     0/  184 batches | ms/batch  6.35 | s_loss  0.01  0.01 | w_loss  0.01  0.01
-----------------------------------------------------------------------------------------
| end epoch  60 | valid loss  5.11  4.51 | lr 0.00060|
-----------------------------------------------------------------------------------------
| epoch  61 |     0/  184 batches | ms/batch  6.68 | s_loss  0.01  0.01 | w_loss  0.01  0.01
-----------------------------------------------------------------------------------------
| end epoch  61 | valid loss  5.06  4.44 | lr 0.00058|
-----------------------------------------------------------------------------------------
| epoch  62 |     0/  184 batches | ms/batch  6.60 | s_loss  0.01  0.01 | w_loss  0.01  0.01
-----------------------------------------------------------------------------------------
| end epoch  62 | valid loss  5.18  4.48 | lr 0.00057|
-----------------------------------------------------------------------------------------
| epoch  63 |     0/  184 batches | ms/batch  6.53 | s_loss  0.01  0.01 | w_loss  0.01  0.01
-----------------------------------------------------------------------------------------
| end epoch  63 | valid loss  5.04  4.48 | lr 0.00056|
-----------------------------------------------------------------------------------------
| epoch  64 |     0/  184 batches | ms/batch  6.29 | s_loss  0.01  0.01 | w_loss  0.01  0.01
-----------------------------------------------------------------------------------------
| end epoch  64 | valid loss  5.15  4.54 | lr 0.00055|
-----------------------------------------------------------------------------------------
| epoch  65 |     0/  184 batches | ms/batch  6.55 | s_loss  0.01  0.01 | w_loss  0.01  0.01
-----------------------------------------------------------------------------------------
| end epoch  65 | valid loss  4.98  4.40 | lr 0.00054|
-----------------------------------------------------------------------------------------
| epoch  66 |     0/  184 batches | ms/batch  6.20 | s_loss  0.01  0.01 | w_loss  0.01  0.01
-----------------------------------------------------------------------------------------
| end epoch  66 | valid loss  5.16  4.59 | lr 0.00053|
-----------------------------------------------------------------------------------------
| epoch  67 |     0/  184 batches | ms/batch  6.20 | s_loss  0.01  0.01 | w_loss  0.01  0.01
-----------------------------------------------------------------------------------------
| end epoch  67 | valid loss  5.04  4.37 | lr 0.00052|
-----------------------------------------------------------------------------------------
| epoch  68 |     0/  184 batches | ms/batch  6.88 | s_loss  0.01  0.01 | w_loss  0.01  0.01
-----------------------------------------------------------------------------------------
| end epoch  68 | valid loss  5.08  4.50 | lr 0.00051|
-----------------------------------------------------------------------------------------
| epoch  69 |     0/  184 batches | ms/batch  6.64 | s_loss  0.01  0.01 | w_loss  0.01  0.01
-----------------------------------------------------------------------------------------
| end epoch  69 | valid loss  5.09  4.46 | lr 0.00050|
-----------------------------------------------------------------------------------------
| epoch  70 |     0/  184 batches | ms/batch  6.23 | s_loss  0.01  0.01 | w_loss  0.01  0.01
-----------------------------------------------------------------------------------------
| end epoch  70 | valid loss  5.04  4.36 | lr 0.00049|
-----------------------------------------------------------------------------------------
| epoch  71 |     0/  184 batches | ms/batch  6.29 | s_loss  0.01  0.01 | w_loss  0.01  0.01
-----------------------------------------------------------------------------------------
| end epoch  71 | valid loss  5.02  4.44 | lr 0.00048|
-----------------------------------------------------------------------------------------
| epoch  72 |     0/  184 batches | ms/batch  6.34 | s_loss  0.01  0.01 | w_loss  0.01  0.01
-----------------------------------------------------------------------------------------
| end epoch  72 | valid loss  5.04  4.49 | lr 0.00047|
-----------------------------------------------------------------------------------------
| epoch  73 |     0/  184 batches | ms/batch  6.60 | s_loss  0.01  0.01 | w_loss  0.01  0.01
-----------------------------------------------------------------------------------------
| end epoch  73 | valid loss  5.22  4.60 | lr 0.00046|
-----------------------------------------------------------------------------------------
| epoch  74 |     0/  184 batches | ms/batch  6.50 | s_loss  0.01  0.01 | w_loss  0.01  0.01
-----------------------------------------------------------------------------------------
| end epoch  74 | valid loss  5.09  4.41 | lr 0.00045|
-----------------------------------------------------------------------------------------
| epoch  75 |     0/  184 batches | ms/batch  6.19 | s_loss  0.01  0.01 | w_loss  0.01  0.01
-----------------------------------------------------------------------------------------
| end epoch  75 | valid loss  5.06  4.41 | lr 0.00044|
-----------------------------------------------------------------------------------------
| epoch  76 |     0/  184 batches | ms/batch  6.63 | s_loss  0.01  0.01 | w_loss  0.01  0.01
-----------------------------------------------------------------------------------------
| end epoch  76 | valid loss  5.07  4.33 | lr 0.00043|
-----------------------------------------------------------------------------------------
| epoch  77 |     0/  184 batches | ms/batch  6.36 | s_loss  0.01  0.01 | w_loss  0.01  0.01
-----------------------------------------------------------------------------------------
| end epoch  77 | valid loss  5.05  4.50 | lr 0.00042|
-----------------------------------------------------------------------------------------
| epoch  78 |     0/  184 batches | ms/batch  6.42 | s_loss  0.01  0.01 | w_loss  0.01  0.01
-----------------------------------------------------------------------------------------
| end epoch  78 | valid loss  5.05  4.42 | lr 0.00041|
-----------------------------------------------------------------------------------------
| epoch  79 |     0/  184 batches | ms/batch  6.38 | s_loss  0.01  0.01 | w_loss  0.01  0.01
-----------------------------------------------------------------------------------------
| end epoch  79 | valid loss  5.09  4.55 | lr 0.00041|
-----------------------------------------------------------------------------------------
| epoch  80 |     0/  184 batches | ms/batch  6.94 | s_loss  0.01  0.01 | w_loss  0.01  0.01
-----------------------------------------------------------------------------------------
| end epoch  80 | valid loss  5.10  4.46 | lr 0.00040|
-----------------------------------------------------------------------------------------
| epoch  81 |     0/  184 batches | ms/batch  6.21 | s_loss  0.01  0.01 | w_loss  0.01  0.01
-----------------------------------------------------------------------------------------
| end epoch  81 | valid loss  5.04  4.40 | lr 0.00039|
-----------------------------------------------------------------------------------------
| epoch  82 |     0/  184 batches | ms/batch  6.23 | s_loss  0.01  0.01 | w_loss  0.01  0.01
-----------------------------------------------------------------------------------------
| end epoch  82 | valid loss  5.08  4.44 | lr 0.00038|
-----------------------------------------------------------------------------------------
| epoch  83 |     0/  184 batches | ms/batch  6.40 | s_loss  0.01  0.01 | w_loss  0.01  0.01
-----------------------------------------------------------------------------------------
| end epoch  83 | valid loss  5.11  4.50 | lr 0.00037|
-----------------------------------------------------------------------------------------
| epoch  84 |     0/  184 batches | ms/batch  6.48 | s_loss  0.01  0.01 | w_loss  0.01  0.01
-----------------------------------------------------------------------------------------
| end epoch  84 | valid loss  5.04  4.45 | lr 0.00037|
-----------------------------------------------------------------------------------------
| epoch  85 |     0/  184 batches | ms/batch  6.56 | s_loss  0.01  0.01 | w_loss  0.01  0.01
-----------------------------------------------------------------------------------------
| end epoch  85 | valid loss  5.05  4.43 | lr 0.00036|
-----------------------------------------------------------------------------------------
| epoch  86 |     0/  184 batches | ms/batch  6.49 | s_loss  0.01  0.01 | w_loss  0.01  0.01
-----------------------------------------------------------------------------------------
| end epoch  86 | valid loss  4.99  4.32 | lr 0.00035|
-----------------------------------------------------------------------------------------
| epoch  87 |     0/  184 batches | ms/batch  6.25 | s_loss  0.01  0.01 | w_loss  0.01  0.01
-----------------------------------------------------------------------------------------
| end epoch  87 | valid loss  5.12  4.48 | lr 0.00034|
-----------------------------------------------------------------------------------------
| epoch  88 |     0/  184 batches | ms/batch  6.72 | s_loss  0.01  0.01 | w_loss  0.01  0.01
-----------------------------------------------------------------------------------------
| end epoch  88 | valid loss  5.06  4.42 | lr 0.00034|
-----------------------------------------------------------------------------------------
| epoch  89 |     0/  184 batches | ms/batch  6.57 | s_loss  0.01  0.01 | w_loss  0.01  0.01
-----------------------------------------------------------------------------------------
| end epoch  89 | valid loss  5.13  4.49 | lr 0.00033|
-----------------------------------------------------------------------------------------
| epoch  90 |     0/  184 batches | ms/batch  6.35 | s_loss  0.01  0.01 | w_loss  0.01  0.01
-----------------------------------------------------------------------------------------
| end epoch  90 | valid loss  5.07  4.45 | lr 0.00032|
-----------------------------------------------------------------------------------------
| epoch  91 |     0/  184 batches | ms/batch  6.68 | s_loss  0.01  0.01 | w_loss  0.01  0.01
-----------------------------------------------------------------------------------------
| end epoch  91 | valid loss  5.11  4.50 | lr 0.00032|
-----------------------------------------------------------------------------------------
| epoch  92 |     0/  184 batches | ms/batch  6.34 | s_loss  0.01  0.01 | w_loss  0.01  0.01
-----------------------------------------------------------------------------------------
| end epoch  92 | valid loss  5.14  4.47 | lr 0.00031|
-----------------------------------------------------------------------------------------
| epoch  93 |     0/  184 batches | ms/batch  6.53 | s_loss  0.01  0.01 | w_loss  0.01  0.01
-----------------------------------------------------------------------------------------
| end epoch  93 | valid loss  5.11  4.59 | lr 0.00031|
-----------------------------------------------------------------------------------------
| epoch  94 |     0/  184 batches | ms/batch  6.32 | s_loss  0.01  0.01 | w_loss  0.01  0.01
-----------------------------------------------------------------------------------------
| end epoch  94 | valid loss  5.00  4.35 | lr 0.00030|
-----------------------------------------------------------------------------------------
| epoch  95 |     0/  184 batches | ms/batch  6.41 | s_loss  0.01  0.01 | w_loss  0.01  0.01
-----------------------------------------------------------------------------------------
| end epoch  95 | valid loss  5.08  4.45 | lr 0.00029|
-----------------------------------------------------------------------------------------
| epoch  96 |     0/  184 batches | ms/batch  6.57 | s_loss  0.01  0.01 | w_loss  0.01  0.01
-----------------------------------------------------------------------------------------
| end epoch  96 | valid loss  5.01  4.44 | lr 0.00029|
-----------------------------------------------------------------------------------------
| epoch  97 |     0/  184 batches | ms/batch  6.29 | s_loss  0.01  0.01 | w_loss  0.01  0.01
-----------------------------------------------------------------------------------------
| end epoch  97 | valid loss  5.15  4.50 | lr 0.00028|
-----------------------------------------------------------------------------------------
| epoch  98 |     0/  184 batches | ms/batch  6.95 | s_loss  0.01  0.01 | w_loss  0.01  0.01
-----------------------------------------------------------------------------------------
| end epoch  98 | valid loss  5.08  4.44 | lr 0.00028|
-----------------------------------------------------------------------------------------
| epoch  99 |     0/  184 batches | ms/batch  6.56 | s_loss  0.01  0.01 | w_loss  0.01  0.01
-----------------------------------------------------------------------------------------
| end epoch  99 | valid loss  4.97  4.41 | lr 0.00027|
-----------------------------------------------------------------------------------------
| epoch 100 |     0/  184 batches | ms/batch  6.48 | s_loss  0.01  0.01 | w_loss  0.01  0.01
-----------------------------------------------------------------------------------------
| end epoch 100 | valid loss  4.96  4.30 | lr 0.00027|
-----------------------------------------------------------------------------------------
Save G/Ds models.
| epoch 101 |     0/  184 batches | ms/batch  6.59 | s_loss  0.01  0.01 | w_loss  0.01  0.01
-----------------------------------------------------------------------------------------
| end epoch 101 | valid loss  5.03  4.31 | lr 0.00026|
-----------------------------------------------------------------------------------------
| epoch 102 |     0/  184 batches | ms/batch  6.39 | s_loss  0.01  0.01 | w_loss  0.01  0.01
-----------------------------------------------------------------------------------------
| end epoch 102 | valid loss  4.99  4.45 | lr 0.00025|
-----------------------------------------------------------------------------------------
| epoch 103 |     0/  184 batches | ms/batch  6.31 | s_loss  0.01  0.01 | w_loss  0.01  0.01
-----------------------------------------------------------------------------------------
| end epoch 103 | valid loss  5.09  4.51 | lr 0.00025|
-----------------------------------------------------------------------------------------
| epoch 104 |     0/  184 batches | ms/batch  6.27 | s_loss  0.01  0.01 | w_loss  0.01  0.01
-----------------------------------------------------------------------------------------
| end epoch 104 | valid loss  5.13  4.57 | lr 0.00024|
-----------------------------------------------------------------------------------------
| epoch 105 |     0/  184 batches | ms/batch  6.32 | s_loss  0.01  0.01 | w_loss  0.01  0.01
-----------------------------------------------------------------------------------------
| end epoch 105 | valid loss  5.04  4.48 | lr 0.00024|
-----------------------------------------------------------------------------------------
| epoch 106 |     0/  184 batches | ms/batch  6.83 | s_loss  0.01  0.01 | w_loss  0.01  0.01
-----------------------------------------------------------------------------------------
| end epoch 106 | valid loss  5.00  4.43 | lr 0.00023|
-----------------------------------------------------------------------------------------
| epoch 107 |     0/  184 batches | ms/batch  6.26 | s_loss  0.01  0.01 | w_loss  0.01  0.01
-----------------------------------------------------------------------------------------
| end epoch 107 | valid loss  5.06  4.43 | lr 0.00023|
-----------------------------------------------------------------------------------------
| epoch 108 |     0/  184 batches | ms/batch  6.62 | s_loss  0.01  0.01 | w_loss  0.01  0.01
-----------------------------------------------------------------------------------------
| end epoch 108 | valid loss  5.02  4.45 | lr 0.00023|
-----------------------------------------------------------------------------------------
| epoch 109 |     0/  184 batches | ms/batch  6.45 | s_loss  0.01  0.01 | w_loss  0.01  0.01
-----------------------------------------------------------------------------------------
| end epoch 109 | valid loss  5.01  4.44 | lr 0.00022|
-----------------------------------------------------------------------------------------
| epoch 110 |     0/  184 batches | ms/batch  6.84 | s_loss  0.01  0.01 | w_loss  0.01  0.01
-----------------------------------------------------------------------------------------
| end epoch 110 | valid loss  5.02  4.38 | lr 0.00022|
-----------------------------------------------------------------------------------------
| epoch 111 |     0/  184 batches | ms/batch  6.41 | s_loss  0.01  0.01 | w_loss  0.01  0.01
-----------------------------------------------------------------------------------------
| end epoch 111 | valid loss  5.07  4.41 | lr 0.00021|
-----------------------------------------------------------------------------------------
| epoch 112 |     0/  184 batches | ms/batch  6.43 | s_loss  0.01  0.01 | w_loss  0.01  0.01
-----------------------------------------------------------------------------------------
| end epoch 112 | valid loss  5.05  4.43 | lr 0.00021|
-----------------------------------------------------------------------------------------
| epoch 113 |     0/  184 batches | ms/batch  6.96 | s_loss  0.01  0.01 | w_loss  0.01  0.01
-----------------------------------------------------------------------------------------
| end epoch 113 | valid loss  5.05  4.47 | lr 0.00020|
-----------------------------------------------------------------------------------------
| epoch 114 |     0/  184 batches | ms/batch  6.83 | s_loss  0.01  0.01 | w_loss  0.01  0.01
-----------------------------------------------------------------------------------------
| end epoch 114 | valid loss  5.02  4.38 | lr 0.00020|
-----------------------------------------------------------------------------------------
| epoch 115 |     0/  184 batches | ms/batch  6.31 | s_loss  0.01  0.01 | w_loss  0.01  0.01
-----------------------------------------------------------------------------------------
| end epoch 115 | valid loss  5.03  4.48 | lr 0.00020|
-----------------------------------------------------------------------------------------
| epoch 116 |     0/  184 batches | ms/batch  6.71 | s_loss  0.01  0.01 | w_loss  0.01  0.01
-----------------------------------------------------------------------------------------
| end epoch 116 | valid loss  5.05  4.50 | lr 0.00020|
-----------------------------------------------------------------------------------------
| epoch 117 |     0/  184 batches | ms/batch  6.46 | s_loss  0.01  0.01 | w_loss  0.01  0.01
-----------------------------------------------------------------------------------------
| end epoch 117 | valid loss  5.05  4.36 | lr 0.00020|
-----------------------------------------------------------------------------------------
| epoch 118 |     0/  184 batches | ms/batch  6.77 | s_loss  0.01  0.01 | w_loss  0.01  0.01
-----------------------------------------------------------------------------------------
| end epoch 118 | valid loss  5.11  4.47 | lr 0.00020|
-----------------------------------------------------------------------------------------
| epoch 119 |     0/  184 batches | ms/batch  6.35 | s_loss  0.01  0.01 | w_loss  0.01  0.01
-----------------------------------------------------------------------------------------
| end epoch 119 | valid loss  5.03  4.47 | lr 0.00020|
-----------------------------------------------------------------------------------------
| epoch 120 |     0/  184 batches | ms/batch  7.07 | s_loss  0.01  0.01 | w_loss  0.01  0.01
-----------------------------------------------------------------------------------------
| end epoch 120 | valid loss  5.05  4.39 | lr 0.00020|
-----------------------------------------------------------------------------------------
| epoch 121 |     0/  184 batches | ms/batch  6.59 | s_loss  0.01  0.01 | w_loss  0.01  0.01
-----------------------------------------------------------------------------------------
| end epoch 121 | valid loss  5.02  4.43 | lr 0.00020|
-----------------------------------------------------------------------------------------
| epoch 122 |     0/  184 batches | ms/batch  6.91 | s_loss  0.01  0.01 | w_loss  0.01  0.01
-----------------------------------------------------------------------------------------
| end epoch 122 | valid loss  4.87  4.34 | lr 0.00020|
-----------------------------------------------------------------------------------------
| epoch 123 |     0/  184 batches | ms/batch  6.44 | s_loss  0.01  0.01 | w_loss  0.01  0.01
-----------------------------------------------------------------------------------------
| end epoch 123 | valid loss  4.95  4.36 | lr 0.00020|
-----------------------------------------------------------------------------------------
| epoch 124 |     0/  184 batches | ms/batch  6.89 | s_loss  0.01  0.01 | w_loss  0.01  0.01
-----------------------------------------------------------------------------------------
| end epoch 124 | valid loss  5.02  4.41 | lr 0.00020|
-----------------------------------------------------------------------------------------
| epoch 125 |     0/  184 batches | ms/batch  6.33 | s_loss  0.01  0.01 | w_loss  0.01  0.01
-----------------------------------------------------------------------------------------
| end epoch 125 | valid loss  5.00  4.43 | lr 0.00020|
-----------------------------------------------------------------------------------------
| epoch 126 |     0/  184 batches | ms/batch  6.50 | s_loss  0.01  0.01 | w_loss  0.01  0.01
-----------------------------------------------------------------------------------------
| end epoch 126 | valid loss  5.14  4.54 | lr 0.00020|
-----------------------------------------------------------------------------------------
| epoch 127 |     0/  184 batches | ms/batch  6.34 | s_loss  0.01  0.01 | w_loss  0.01  0.01
-----------------------------------------------------------------------------------------
| end epoch 127 | valid loss  5.01  4.41 | lr 0.00020|
-----------------------------------------------------------------------------------------
| epoch 128 |     0/  184 batches | ms/batch  6.77 | s_loss  0.01  0.01 | w_loss  0.01  0.01
-----------------------------------------------------------------------------------------
| end epoch 128 | valid loss  5.02  4.46 | lr 0.00020|
-----------------------------------------------------------------------------------------
| epoch 129 |     0/  184 batches | ms/batch  6.44 | s_loss  0.01  0.01 | w_loss  0.01  0.01
-----------------------------------------------------------------------------------------
| end epoch 129 | valid loss  5.11  4.56 | lr 0.00020|
-----------------------------------------------------------------------------------------
| epoch 130 |     0/  184 batches | ms/batch  7.02 | s_loss  0.01  0.01 | w_loss  0.01  0.01
-----------------------------------------------------------------------------------------
| end epoch 130 | valid loss  5.01  4.30 | lr 0.00020|
-----------------------------------------------------------------------------------------
| epoch 131 |     0/  184 batches | ms/batch  6.36 | s_loss  0.01  0.01 | w_loss  0.01  0.01
-----------------------------------------------------------------------------------------
| end epoch 131 | valid loss  5.05  4.45 | lr 0.00020|
-----------------------------------------------------------------------------------------
| epoch 132 |     0/  184 batches | ms/batch  6.47 | s_loss  0.01  0.01 | w_loss  0.01  0.01
-----------------------------------------------------------------------------------------
| end epoch 132 | valid loss  4.95  4.38 | lr 0.00020|
-----------------------------------------------------------------------------------------
| epoch 133 |     0/  184 batches | ms/batch  6.27 | s_loss  0.01  0.01 | w_loss  0.01  0.01
-----------------------------------------------------------------------------------------
| end epoch 133 | valid loss  5.10  4.56 | lr 0.00020|
-----------------------------------------------------------------------------------------
| epoch 134 |     0/  184 batches | ms/batch  6.50 | s_loss  0.01  0.01 | w_loss  0.01  0.01
-----------------------------------------------------------------------------------------
| end epoch 134 | valid loss  5.07  4.42 | lr 0.00020|
-----------------------------------------------------------------------------------------
| epoch 135 |     0/  184 batches | ms/batch  6.27 | s_loss  0.01  0.01 | w_loss  0.01  0.01
-----------------------------------------------------------------------------------------
| end epoch 135 | valid loss  5.12  4.43 | lr 0.00020|
-----------------------------------------------------------------------------------------
| epoch 136 |     0/  184 batches | ms/batch  6.47 | s_loss  0.01  0.01 | w_loss  0.01  0.01
-----------------------------------------------------------------------------------------
| end epoch 136 | valid loss  5.00  4.38 | lr 0.00020|
-----------------------------------------------------------------------------------------
| epoch 137 |     0/  184 batches | ms/batch  6.16 | s_loss  0.01  0.01 | w_loss  0.01  0.01
-----------------------------------------------------------------------------------------
| end epoch 137 | valid loss  5.07  4.47 | lr 0.00020|
-----------------------------------------------------------------------------------------
| epoch 138 |     0/  184 batches | ms/batch  6.54 | s_loss  0.01  0.01 | w_loss  0.01  0.01
-----------------------------------------------------------------------------------------
| end epoch 138 | valid loss  5.04  4.42 | lr 0.00020|
-----------------------------------------------------------------------------------------
| epoch 139 |     0/  184 batches | ms/batch  6.71 | s_loss  0.01  0.01 | w_loss  0.01  0.01
-----------------------------------------------------------------------------------------
| end epoch 139 | valid loss  5.11  4.54 | lr 0.00020|
-----------------------------------------------------------------------------------------
| epoch 140 |     0/  184 batches | ms/batch  6.56 | s_loss  0.01  0.01 | w_loss  0.01  0.01
-----------------------------------------------------------------------------------------
| end epoch 140 | valid loss  5.02  4.35 | lr 0.00020|
-----------------------------------------------------------------------------------------
| epoch 141 |     0/  184 batches | ms/batch  6.57 | s_loss  0.01  0.01 | w_loss  0.01  0.01
-----------------------------------------------------------------------------------------
| end epoch 141 | valid loss  5.00  4.37 | lr 0.00020|
-----------------------------------------------------------------------------------------
| epoch 142 |     0/  184 batches | ms/batch  6.86 | s_loss  0.01  0.01 | w_loss  0.01  0.01
-----------------------------------------------------------------------------------------
| end epoch 142 | valid loss  4.96  4.38 | lr 0.00020|
-----------------------------------------------------------------------------------------
| epoch 143 |     0/  184 batches | ms/batch  6.27 | s_loss  0.01  0.01 | w_loss  0.01  0.01
-----------------------------------------------------------------------------------------
| end epoch 143 | valid loss  5.01  4.39 | lr 0.00020|
-----------------------------------------------------------------------------------------
| epoch 144 |     0/  184 batches | ms/batch  6.54 | s_loss  0.01  0.01 | w_loss  0.01  0.01
-----------------------------------------------------------------------------------------
| end epoch 144 | valid loss  4.98  4.40 | lr 0.00020|
-----------------------------------------------------------------------------------------
| epoch 145 |     0/  184 batches | ms/batch  6.90 | s_loss  0.01  0.01 | w_loss  0.01  0.01
-----------------------------------------------------------------------------------------
| end epoch 145 | valid loss  4.99  4.37 | lr 0.00020|
-----------------------------------------------------------------------------------------
| epoch 146 |     0/  184 batches | ms/batch  6.55 | s_loss  0.01  0.01 | w_loss  0.01  0.01
-----------------------------------------------------------------------------------------
| end epoch 146 | valid loss  5.05  4.39 | lr 0.00020|
-----------------------------------------------------------------------------------------
| epoch 147 |     0/  184 batches | ms/batch  6.49 | s_loss  0.01  0.01 | w_loss  0.01  0.01
-----------------------------------------------------------------------------------------
| end epoch 147 | valid loss  5.05  4.49 | lr 0.00020|
-----------------------------------------------------------------------------------------
| epoch 148 |     0/  184 batches | ms/batch  6.40 | s_loss  0.01  0.01 | w_loss  0.01  0.01
-----------------------------------------------------------------------------------------
| end epoch 148 | valid loss  5.07  4.49 | lr 0.00020|
-----------------------------------------------------------------------------------------
| epoch 149 |     0/  184 batches | ms/batch  6.49 | s_loss  0.01  0.01 | w_loss  0.01  0.01
-----------------------------------------------------------------------------------------
| end epoch 149 | valid loss  4.93  4.32 | lr 0.00020|
-----------------------------------------------------------------------------------------
| epoch 150 |     0/  184 batches | ms/batch  6.42 | s_loss  0.01  0.01 | w_loss  0.01  0.01
-----------------------------------------------------------------------------------------
| end epoch 150 | valid loss  5.01  4.34 | lr 0.00020|
-----------------------------------------------------------------------------------------
Save G/Ds models.
| epoch 151 |     0/  184 batches | ms/batch  6.64 | s_loss  0.01  0.01 | w_loss  0.01  0.01
-----------------------------------------------------------------------------------------
| end epoch 151 | valid loss  5.00  4.43 | lr 0.00020|
-----------------------------------------------------------------------------------------
| epoch 152 |     0/  184 batches | ms/batch  6.52 | s_loss  0.01  0.01 | w_loss  0.01  0.01
-----------------------------------------------------------------------------------------
| end epoch 152 | valid loss  5.12  4.55 | lr 0.00020|
-----------------------------------------------------------------------------------------
| epoch 153 |     0/  184 batches | ms/batch  6.59 | s_loss  0.01  0.01 | w_loss  0.01  0.01
-----------------------------------------------------------------------------------------
| end epoch 153 | valid loss  4.98  4.35 | lr 0.00020|
-----------------------------------------------------------------------------------------
| epoch 154 |     0/  184 batches | ms/batch  6.57 | s_loss  0.01  0.01 | w_loss  0.01  0.01
-----------------------------------------------------------------------------------------
| end epoch 154 | valid loss  5.04  4.45 | lr 0.00020|
-----------------------------------------------------------------------------------------
| epoch 155 |     0/  184 batches | ms/batch  6.29 | s_loss  0.01  0.01 | w_loss  0.01  0.01
-----------------------------------------------------------------------------------------
| end epoch 155 | valid loss  5.03  4.42 | lr 0.00020|
-----------------------------------------------------------------------------------------
| epoch 156 |     0/  184 batches | ms/batch  7.03 | s_loss  0.01  0.01 | w_loss  0.01  0.01
-----------------------------------------------------------------------------------------
| end epoch 156 | valid loss  4.97  4.43 | lr 0.00020|
-----------------------------------------------------------------------------------------
| epoch 157 |     0/  184 batches | ms/batch  6.42 | s_loss  0.01  0.01 | w_loss  0.01  0.01
-----------------------------------------------------------------------------------------
| end epoch 157 | valid loss  5.01  4.48 | lr 0.00020|
-----------------------------------------------------------------------------------------
| epoch 158 |     0/  184 batches | ms/batch  6.67 | s_loss  0.01  0.01 | w_loss  0.01  0.01
-----------------------------------------------------------------------------------------
| end epoch 158 | valid loss  5.09  4.49 | lr 0.00020|
-----------------------------------------------------------------------------------------
| epoch 159 |     0/  184 batches | ms/batch  6.42 | s_loss  0.01  0.01 | w_loss  0.01  0.01
-----------------------------------------------------------------------------------------
| end epoch 159 | valid loss  5.00  4.37 | lr 0.00020|
-----------------------------------------------------------------------------------------
| epoch 160 |     0/  184 batches | ms/batch  6.54 | s_loss  0.01  0.01 | w_loss  0.01  0.01
-----------------------------------------------------------------------------------------
| end epoch 160 | valid loss  5.08  4.51 | lr 0.00020|
-----------------------------------------------------------------------------------------
| epoch 161 |     0/  184 batches | ms/batch  6.69 | s_loss  0.01  0.01 | w_loss  0.01  0.01
-----------------------------------------------------------------------------------------
| end epoch 161 | valid loss  5.04  4.44 | lr 0.00020|
-----------------------------------------------------------------------------------------
| epoch 162 |     0/  184 batches | ms/batch  6.64 | s_loss  0.01  0.01 | w_loss  0.01  0.01
-----------------------------------------------------------------------------------------
| end epoch 162 | valid loss  5.02  4.45 | lr 0.00020|
-----------------------------------------------------------------------------------------
| epoch 163 |     0/  184 batches | ms/batch  6.88 | s_loss  0.01  0.01 | w_loss  0.01  0.01
-----------------------------------------------------------------------------------------
| end epoch 163 | valid loss  5.06  4.46 | lr 0.00020|
-----------------------------------------------------------------------------------------
| epoch 164 |     0/  184 batches | ms/batch  6.41 | s_loss  0.01  0.01 | w_loss  0.01  0.01
-----------------------------------------------------------------------------------------
| end epoch 164 | valid loss  5.08  4.47 | lr 0.00020|
-----------------------------------------------------------------------------------------
| epoch 165 |     0/  184 batches | ms/batch  6.40 | s_loss  0.01  0.01 | w_loss  0.01  0.01
-----------------------------------------------------------------------------------------
| end epoch 165 | valid loss  5.17  4.56 | lr 0.00020|
-----------------------------------------------------------------------------------------
| epoch 166 |     0/  184 batches | ms/batch  6.37 | s_loss  0.01  0.01 | w_loss  0.01  0.01
-----------------------------------------------------------------------------------------
| end epoch 166 | valid loss  5.06  4.46 | lr 0.00020|
-----------------------------------------------------------------------------------------
| epoch 167 |     0/  184 batches | ms/batch  6.58 | s_loss  0.01  0.01 | w_loss  0.01  0.01
-----------------------------------------------------------------------------------------
| end epoch 167 | valid loss  5.10  4.54 | lr 0.00020|
-----------------------------------------------------------------------------------------
| epoch 168 |     0/  184 batches | ms/batch  6.35 | s_loss  0.01  0.01 | w_loss  0.01  0.01
-----------------------------------------------------------------------------------------
| end epoch 168 | valid loss  5.05  4.49 | lr 0.00020|
-----------------------------------------------------------------------------------------
| epoch 169 |     0/  184 batches | ms/batch  6.91 | s_loss  0.01  0.01 | w_loss  0.01  0.01
-----------------------------------------------------------------------------------------
| end epoch 169 | valid loss  4.98  4.43 | lr 0.00020|
-----------------------------------------------------------------------------------------
| epoch 170 |     0/  184 batches | ms/batch  6.32 | s_loss  0.01  0.01 | w_loss  0.01  0.01
-----------------------------------------------------------------------------------------
| end epoch 170 | valid loss  5.00  4.38 | lr 0.00020|
-----------------------------------------------------------------------------------------
| epoch 171 |     0/  184 batches | ms/batch  6.92 | s_loss  0.01  0.01 | w_loss  0.01  0.01
-----------------------------------------------------------------------------------------
| end epoch 171 | valid loss  4.98  4.43 | lr 0.00020|
-----------------------------------------------------------------------------------------
| epoch 172 |     0/  184 batches | ms/batch  6.85 | s_loss  0.01  0.01 | w_loss  0.01  0.01
-----------------------------------------------------------------------------------------
| end epoch 172 | valid loss  5.05  4.50 | lr 0.00020|
-----------------------------------------------------------------------------------------
| epoch 173 |     0/  184 batches | ms/batch  6.97 | s_loss  0.01  0.01 | w_loss  0.01  0.01
-----------------------------------------------------------------------------------------
| end epoch 173 | valid loss  5.11  4.47 | lr 0.00020|
-----------------------------------------------------------------------------------------
| epoch 174 |     0/  184 batches | ms/batch  6.34 | s_loss  0.01  0.01 | w_loss  0.01  0.01
-----------------------------------------------------------------------------------------
| end epoch 174 | valid loss  4.94  4.39 | lr 0.00020|
-----------------------------------------------------------------------------------------
| epoch 175 |     0/  184 batches | ms/batch  6.37 | s_loss  0.01  0.01 | w_loss  0.01  0.01
-----------------------------------------------------------------------------------------
| end epoch 175 | valid loss  4.96  4.45 | lr 0.00020|
-----------------------------------------------------------------------------------------
| epoch 176 |     0/  184 batches | ms/batch  6.57 | s_loss  0.01  0.01 | w_loss  0.01  0.01
-----------------------------------------------------------------------------------------
| end epoch 176 | valid loss  4.99  4.42 | lr 0.00020|
-----------------------------------------------------------------------------------------
| epoch 177 |     0/  184 batches | ms/batch  6.46 | s_loss  0.01  0.01 | w_loss  0.01  0.01
-----------------------------------------------------------------------------------------
| end epoch 177 | valid loss  5.05  4.42 | lr 0.00020|
-----------------------------------------------------------------------------------------
| epoch 178 |     0/  184 batches | ms/batch  6.70 | s_loss  0.01  0.01 | w_loss  0.01  0.01
-----------------------------------------------------------------------------------------
| end epoch 178 | valid loss  5.00  4.42 | lr 0.00020|
-----------------------------------------------------------------------------------------
| epoch 179 |     0/  184 batches | ms/batch  6.39 | s_loss  0.01  0.01 | w_loss  0.01  0.01
-----------------------------------------------------------------------------------------
| end epoch 179 | valid loss  5.05  4.48 | lr 0.00020|
-----------------------------------------------------------------------------------------
| epoch 180 |     0/  184 batches | ms/batch  6.60 | s_loss  0.01  0.01 | w_loss  0.01  0.01
-----------------------------------------------------------------------------------------
| end epoch 180 | valid loss  5.01  4.41 | lr 0.00020|
-----------------------------------------------------------------------------------------
| epoch 181 |     0/  184 batches | ms/batch  6.32 | s_loss  0.01  0.01 | w_loss  0.01  0.01
-----------------------------------------------------------------------------------------
| end epoch 181 | valid loss  5.04  4.44 | lr 0.00020|
-----------------------------------------------------------------------------------------
| epoch 182 |     0/  184 batches | ms/batch  6.58 | s_loss  0.01  0.01 | w_loss  0.01  0.01
-----------------------------------------------------------------------------------------
| end epoch 182 | valid loss  5.03  4.50 | lr 0.00020|
-----------------------------------------------------------------------------------------
| epoch 183 |     0/  184 batches | ms/batch  6.67 | s_loss  0.01  0.01 | w_loss  0.01  0.01
-----------------------------------------------------------------------------------------
| end epoch 183 | valid loss  4.99  4.47 | lr 0.00020|
-----------------------------------------------------------------------------------------
| epoch 184 |     0/  184 batches | ms/batch  6.59 | s_loss  0.01  0.01 | w_loss  0.01  0.01
-----------------------------------------------------------------------------------------
| end epoch 184 | valid loss  5.09  4.43 | lr 0.00020|
-----------------------------------------------------------------------------------------
| epoch 185 |     0/  184 batches | ms/batch  6.66 | s_loss  0.01  0.01 | w_loss  0.01  0.01
-----------------------------------------------------------------------------------------
| end epoch 185 | valid loss  5.11  4.57 | lr 0.00020|
-----------------------------------------------------------------------------------------
| epoch 186 |     0/  184 batches | ms/batch  6.72 | s_loss  0.01  0.01 | w_loss  0.01  0.01
-----------------------------------------------------------------------------------------
| end epoch 186 | valid loss  5.09  4.48 | lr 0.00020|
-----------------------------------------------------------------------------------------
| epoch 187 |     0/  184 batches | ms/batch  6.59 | s_loss  0.01  0.01 | w_loss  0.01  0.01
-----------------------------------------------------------------------------------------
| end epoch 187 | valid loss  5.03  4.53 | lr 0.00020|
-----------------------------------------------------------------------------------------
| epoch 188 |     0/  184 batches | ms/batch  6.34 | s_loss  0.01  0.01 | w_loss  0.01  0.01
-----------------------------------------------------------------------------------------
| end epoch 188 | valid loss  4.96  4.38 | lr 0.00020|
-----------------------------------------------------------------------------------------
| epoch 189 |     0/  184 batches | ms/batch  6.56 | s_loss  0.01  0.01 | w_loss  0.01  0.01
-----------------------------------------------------------------------------------------
| end epoch 189 | valid loss  5.04  4.42 | lr 0.00020|
-----------------------------------------------------------------------------------------
| epoch 190 |     0/  184 batches | ms/batch  6.66 | s_loss  0.01  0.01 | w_loss  0.00  0.01
-----------------------------------------------------------------------------------------
| end epoch 190 | valid loss  4.96  4.42 | lr 0.00020|
-----------------------------------------------------------------------------------------
| epoch 191 |     0/  184 batches | ms/batch  6.80 | s_loss  0.01  0.01 | w_loss  0.01  0.01
-----------------------------------------------------------------------------------------
| end epoch 191 | valid loss  5.09  4.55 | lr 0.00020|
-----------------------------------------------------------------------------------------
| epoch 192 |     0/  184 batches | ms/batch  6.43 | s_loss  0.01  0.01 | w_loss  0.01  0.01
-----------------------------------------------------------------------------------------
| end epoch 192 | valid loss  5.03  4.50 | lr 0.00020|
-----------------------------------------------------------------------------------------
| epoch 193 |     0/  184 batches | ms/batch  6.68 | s_loss  0.01  0.01 | w_loss  0.01  0.01
-----------------------------------------------------------------------------------------
| end epoch 193 | valid loss  5.06  4.44 | lr 0.00020|
-----------------------------------------------------------------------------------------
| epoch 194 |     0/  184 batches | ms/batch  6.33 | s_loss  0.01  0.01 | w_loss  0.01  0.01
-----------------------------------------------------------------------------------------
| end epoch 194 | valid loss  4.95  4.33 | lr 0.00020|
-----------------------------------------------------------------------------------------
| epoch 195 |     0/  184 batches | ms/batch  6.40 | s_loss  0.01  0.01 | w_loss  0.01  0.01
-----------------------------------------------------------------------------------------
| end epoch 195 | valid loss  5.04  4.43 | lr 0.00020|
-----------------------------------------------------------------------------------------
| epoch 196 |     0/  184 batches | ms/batch  6.48 | s_loss  0.01  0.01 | w_loss  0.01  0.01
-----------------------------------------------------------------------------------------
| end epoch 196 | valid loss  5.03  4.41 | lr 0.00020|
-----------------------------------------------------------------------------------------
| epoch 197 |     0/  184 batches | ms/batch  6.50 | s_loss  0.01  0.01 | w_loss  0.01  0.01
-----------------------------------------------------------------------------------------
| end epoch 197 | valid loss  5.06  4.41 | lr 0.00020|
-----------------------------------------------------------------------------------------
| epoch 198 |     0/  184 batches | ms/batch  6.63 | s_loss  0.01  0.01 | w_loss  0.01  0.01
-----------------------------------------------------------------------------------------
| end epoch 198 | valid loss  5.18  4.65 | lr 0.00020|
-----------------------------------------------------------------------------------------
| epoch 199 |     0/  184 batches | ms/batch  6.25 | s_loss  0.01  0.01 | w_loss  0.01  0.01
-----------------------------------------------------------------------------------------
| end epoch 199 | valid loss  4.98  4.34 | lr 0.00020|
-----------------------------------------------------------------------------------------
| epoch 200 |     0/  184 batches | ms/batch  6.33 | s_loss  0.01  0.01 | w_loss  0.01  0.01
-----------------------------------------------------------------------------------------
| end epoch 200 | valid loss  5.17  4.52 | lr 0.00020|
-----------------------------------------------------------------------------------------
Save G/Ds models.
| epoch 201 |     0/  184 batches | ms/batch  6.37 | s_loss  0.01  0.01 | w_loss  0.00  0.00
-----------------------------------------------------------------------------------------
| end epoch 201 | valid loss  4.99  4.42 | lr 0.00020|
-----------------------------------------------------------------------------------------
| epoch 202 |     0/  184 batches | ms/batch  6.22 | s_loss  0.01  0.01 | w_loss  0.01  0.01
-----------------------------------------------------------------------------------------
| end epoch 202 | valid loss  5.01  4.38 | lr 0.00020|
-----------------------------------------------------------------------------------------
| epoch 203 |     0/  184 batches | ms/batch  6.46 | s_loss  0.01  0.01 | w_loss  0.01  0.01
-----------------------------------------------------------------------------------------
| end epoch 203 | valid loss  5.02  4.39 | lr 0.00020|
-----------------------------------------------------------------------------------------
| epoch 204 |     0/  184 batches | ms/batch  6.33 | s_loss  0.01  0.01 | w_loss  0.01  0.01
-----------------------------------------------------------------------------------------
| end epoch 204 | valid loss  5.13  4.46 | lr 0.00020|
-----------------------------------------------------------------------------------------
| epoch 205 |     0/  184 batches | ms/batch  6.51 | s_loss  0.01  0.01 | w_loss  0.01  0.01
-----------------------------------------------------------------------------------------
| end epoch 205 | valid loss  5.06  4.44 | lr 0.00020|
-----------------------------------------------------------------------------------------
| epoch 206 |     0/  184 batches | ms/batch  6.50 | s_loss  0.01  0.01 | w_loss  0.01  0.01
-----------------------------------------------------------------------------------------
| end epoch 206 | valid loss  4.96  4.33 | lr 0.00020|
-----------------------------------------------------------------------------------------
| epoch 207 |     0/  184 batches | ms/batch  6.73 | s_loss  0.01  0.01 | w_loss  0.01  0.01
-----------------------------------------------------------------------------------------
| end epoch 207 | valid loss  4.99  4.48 | lr 0.00020|
-----------------------------------------------------------------------------------------
| epoch 208 |     0/  184 batches | ms/batch  6.28 | s_loss  0.01  0.01 | w_loss  0.01  0.01
-----------------------------------------------------------------------------------------
| end epoch 208 | valid loss  4.95  4.28 | lr 0.00020|
-----------------------------------------------------------------------------------------
| epoch 209 |     0/  184 batches | ms/batch  6.55 | s_loss  0.01  0.01 | w_loss  0.01  0.01
-----------------------------------------------------------------------------------------
| end epoch 209 | valid loss  5.08  4.50 | lr 0.00020|
-----------------------------------------------------------------------------------------
| epoch 210 |     0/  184 batches | ms/batch  6.46 | s_loss  0.01  0.01 | w_loss  0.01  0.01
-----------------------------------------------------------------------------------------
| end epoch 210 | valid loss  5.05  4.53 | lr 0.00020|
-----------------------------------------------------------------------------------------
| epoch 211 |     0/  184 batches | ms/batch  6.54 | s_loss  0.01  0.01 | w_loss  0.01  0.01
-----------------------------------------------------------------------------------------
| end epoch 211 | valid loss  5.00  4.43 | lr 0.00020|
-----------------------------------------------------------------------------------------
| epoch 212 |     0/  184 batches | ms/batch  6.43 | s_loss  0.01  0.01 | w_loss  0.01  0.01
-----------------------------------------------------------------------------------------
| end epoch 212 | valid loss  5.12  4.42 | lr 0.00020|
-----------------------------------------------------------------------------------------
| epoch 213 |     0/  184 batches | ms/batch  6.32 | s_loss  0.01  0.01 | w_loss  0.01  0.01
-----------------------------------------------------------------------------------------
| end epoch 213 | valid loss  5.00  4.37 | lr 0.00020|
-----------------------------------------------------------------------------------------
| epoch 214 |     0/  184 batches | ms/batch  6.70 | s_loss  0.01  0.01 | w_loss  0.01  0.01
-----------------------------------------------------------------------------------------
| end epoch 214 | valid loss  5.05  4.50 | lr 0.00020|
-----------------------------------------------------------------------------------------
| epoch 215 |     0/  184 batches | ms/batch  6.32 | s_loss  0.01  0.01 | w_loss  0.01  0.01
-----------------------------------------------------------------------------------------
| end epoch 215 | valid loss  5.04  4.48 | lr 0.00020|
-----------------------------------------------------------------------------------------
| epoch 216 |     0/  184 batches | ms/batch  6.39 | s_loss  0.01  0.01 | w_loss  0.01  0.01
-----------------------------------------------------------------------------------------
| end epoch 216 | valid loss  4.98  4.46 | lr 0.00020|
-----------------------------------------------------------------------------------------
| epoch 217 |     0/  184 batches | ms/batch  6.31 | s_loss  0.01  0.01 | w_loss  0.01  0.01
-----------------------------------------------------------------------------------------
| end epoch 217 | valid loss  5.03  4.36 | lr 0.00020|
-----------------------------------------------------------------------------------------
| epoch 218 |     0/  184 batches | ms/batch  6.46 | s_loss  0.01  0.01 | w_loss  0.01  0.01
-----------------------------------------------------------------------------------------
| end epoch 218 | valid loss  5.11  4.51 | lr 0.00020|
-----------------------------------------------------------------------------------------
| epoch 219 |     0/  184 batches | ms/batch  6.46 | s_loss  0.01  0.01 | w_loss  0.01  0.01
-----------------------------------------------------------------------------------------
| end epoch 219 | valid loss  5.05  4.44 | lr 0.00020|
-----------------------------------------------------------------------------------------
| epoch 220 |     0/  184 batches | ms/batch  6.32 | s_loss  0.01  0.01 | w_loss  0.00  0.01
-----------------------------------------------------------------------------------------
| end epoch 220 | valid loss  5.06  4.39 | lr 0.00020|
-----------------------------------------------------------------------------------------
| epoch 221 |     0/  184 batches | ms/batch  6.34 | s_loss  0.01  0.01 | w_loss  0.01  0.01
-----------------------------------------------------------------------------------------
| end epoch 221 | valid loss  5.01  4.49 | lr 0.00020|
-----------------------------------------------------------------------------------------
| epoch 222 |     0/  184 batches | ms/batch  6.40 | s_loss  0.01  0.01 | w_loss  0.01  0.01
-----------------------------------------------------------------------------------------
| end epoch 222 | valid loss  5.06  4.42 | lr 0.00020|
-----------------------------------------------------------------------------------------
| epoch 223 |     0/  184 batches | ms/batch  6.81 | s_loss  0.01  0.01 | w_loss  0.00  0.00
-----------------------------------------------------------------------------------------
| end epoch 223 | valid loss  5.02  4.50 | lr 0.00020|
-----------------------------------------------------------------------------------------
| epoch 224 |     0/  184 batches | ms/batch  6.48 | s_loss  0.01  0.01 | w_loss  0.01  0.01
-----------------------------------------------------------------------------------------
| end epoch 224 | valid loss  5.13  4.49 | lr 0.00020|
-----------------------------------------------------------------------------------------
| epoch 225 |     0/  184 batches | ms/batch  6.32 | s_loss  0.01  0.01 | w_loss  0.01  0.01
-----------------------------------------------------------------------------------------
| end epoch 225 | valid loss  5.12  4.57 | lr 0.00020|
-----------------------------------------------------------------------------------------
| epoch 226 |     0/  184 batches | ms/batch  6.36 | s_loss  0.01  0.01 | w_loss  0.01  0.01
-----------------------------------------------------------------------------------------
| end epoch 226 | valid loss  5.06  4.49 | lr 0.00020|
-----------------------------------------------------------------------------------------
| epoch 227 |     0/  184 batches | ms/batch  6.46 | s_loss  0.01  0.01 | w_loss  0.01  0.01
-----------------------------------------------------------------------------------------
| end epoch 227 | valid loss  5.05  4.40 | lr 0.00020|
-----------------------------------------------------------------------------------------
| epoch 228 |     0/  184 batches | ms/batch  6.53 | s_loss  0.01  0.01 | w_loss  0.01  0.01
-----------------------------------------------------------------------------------------
| end epoch 228 | valid loss  4.97  4.39 | lr 0.00020|
-----------------------------------------------------------------------------------------
| epoch 229 |     0/  184 batches | ms/batch  6.90 | s_loss  0.01  0.01 | w_loss  0.01  0.01
-----------------------------------------------------------------------------------------
| end epoch 229 | valid loss  5.01  4.46 | lr 0.00020|
-----------------------------------------------------------------------------------------
| epoch 230 |     0/  184 batches | ms/batch  6.61 | s_loss  0.01  0.01 | w_loss  0.01  0.01
-----------------------------------------------------------------------------------------
| end epoch 230 | valid loss  5.01  4.40 | lr 0.00020|
-----------------------------------------------------------------------------------------
| epoch 231 |     0/  184 batches | ms/batch  6.92 | s_loss  0.01  0.01 | w_loss  0.01  0.01
-----------------------------------------------------------------------------------------
| end epoch 231 | valid loss  5.07  4.45 | lr 0.00020|
-----------------------------------------------------------------------------------------
| epoch 232 |     0/  184 batches | ms/batch  6.28 | s_loss  0.01  0.01 | w_loss  0.01  0.01
-----------------------------------------------------------------------------------------
| end epoch 232 | valid loss  4.98  4.45 | lr 0.00020|
-----------------------------------------------------------------------------------------
| epoch 233 |     0/  184 batches | ms/batch  6.52 | s_loss  0.01  0.01 | w_loss  0.01  0.01
-----------------------------------------------------------------------------------------
| end epoch 233 | valid loss  4.93  4.43 | lr 0.00020|
-----------------------------------------------------------------------------------------
| epoch 234 |     0/  184 batches | ms/batch  6.55 | s_loss  0.01  0.01 | w_loss  0.01  0.01
-----------------------------------------------------------------------------------------
| end epoch 234 | valid loss  5.06  4.41 | lr 0.00020|
-----------------------------------------------------------------------------------------
| epoch 235 |     0/  184 batches | ms/batch  6.31 | s_loss  0.01  0.01 | w_loss  0.01  0.01
-----------------------------------------------------------------------------------------
| end epoch 235 | valid loss  5.08  4.50 | lr 0.00020|
-----------------------------------------------------------------------------------------
| epoch 236 |     0/  184 batches | ms/batch  6.45 | s_loss  0.01  0.01 | w_loss  0.01  0.01
-----------------------------------------------------------------------------------------
| end epoch 236 | valid loss  5.06  4.41 | lr 0.00020|
-----------------------------------------------------------------------------------------
| epoch 237 |     0/  184 batches | ms/batch  6.81 | s_loss  0.01  0.01 | w_loss  0.01  0.01
-----------------------------------------------------------------------------------------
| end epoch 237 | valid loss  5.02  4.46 | lr 0.00020|
-----------------------------------------------------------------------------------------
| epoch 238 |     0/  184 batches | ms/batch  6.57 | s_loss  0.01  0.01 | w_loss  0.01  0.01
-----------------------------------------------------------------------------------------
| end epoch 238 | valid loss  4.99  4.42 | lr 0.00020|
-----------------------------------------------------------------------------------------
| epoch 239 |     0/  184 batches | ms/batch  6.32 | s_loss  0.01  0.01 | w_loss  0.01  0.01
-----------------------------------------------------------------------------------------
| end epoch 239 | valid loss  4.99  4.44 | lr 0.00020|
-----------------------------------------------------------------------------------------
| epoch 240 |     0/  184 batches | ms/batch  6.42 | s_loss  0.01  0.01 | w_loss  0.01  0.01
-----------------------------------------------------------------------------------------
| end epoch 240 | valid loss  5.04  4.45 | lr 0.00020|
-----------------------------------------------------------------------------------------
| epoch 241 |     0/  184 batches | ms/batch  6.69 | s_loss  0.01  0.01 | w_loss  0.01  0.01
-----------------------------------------------------------------------------------------
| end epoch 241 | valid loss  5.02  4.53 | lr 0.00020|
-----------------------------------------------------------------------------------------
| epoch 242 |     0/  184 batches | ms/batch  6.52 | s_loss  0.01  0.01 | w_loss  0.01  0.01
-----------------------------------------------------------------------------------------
| end epoch 242 | valid loss  5.14  4.54 | lr 0.00020|
-----------------------------------------------------------------------------------------
| epoch 243 |     0/  184 batches | ms/batch  6.36 | s_loss  0.01  0.01 | w_loss  0.01  0.01
-----------------------------------------------------------------------------------------
| end epoch 243 | valid loss  4.98  4.42 | lr 0.00020|
-----------------------------------------------------------------------------------------
| epoch 244 |     0/  184 batches | ms/batch  6.38 | s_loss  0.01  0.01 | w_loss  0.01  0.01
-----------------------------------------------------------------------------------------
| end epoch 244 | valid loss  4.96  4.41 | lr 0.00020|
-----------------------------------------------------------------------------------------
| epoch 245 |     0/  184 batches | ms/batch  6.90 | s_loss  0.01  0.01 | w_loss  0.01  0.01
-----------------------------------------------------------------------------------------
| end epoch 245 | valid loss  4.96  4.35 | lr 0.00020|
-----------------------------------------------------------------------------------------
| epoch 246 |     0/  184 batches | ms/batch  6.53 | s_loss  0.01  0.01 | w_loss  0.01  0.01
-----------------------------------------------------------------------------------------
| end epoch 246 | valid loss  5.09  4.54 | lr 0.00020|
-----------------------------------------------------------------------------------------
| epoch 247 |     0/  184 batches | ms/batch  6.50 | s_loss  0.01  0.01 | w_loss  0.01  0.01
-----------------------------------------------------------------------------------------
| end epoch 247 | valid loss  5.01  4.46 | lr 0.00020|
-----------------------------------------------------------------------------------------
| epoch 248 |     0/  184 batches | ms/batch  6.88 | s_loss  0.01  0.01 | w_loss  0.01  0.01
-----------------------------------------------------------------------------------------
| end epoch 248 | valid loss  4.97  4.43 | lr 0.00020|
-----------------------------------------------------------------------------------------
| epoch 249 |     0/  184 batches | ms/batch  6.45 | s_loss  0.01  0.01 | w_loss  0.01  0.01
-----------------------------------------------------------------------------------------
| end epoch 249 | valid loss  5.03  4.37 | lr 0.00020|
-----------------------------------------------------------------------------------------
| epoch 250 |     0/  184 batches | ms/batch  6.48 | s_loss  0.01  0.01 | w_loss  0.00  0.01
-----------------------------------------------------------------------------------------
| end epoch 250 | valid loss  5.03  4.39 | lr 0.00020|
-----------------------------------------------------------------------------------------
Save G/Ds models.
| epoch 251 |     0/  184 batches | ms/batch  6.55 | s_loss  0.01  0.01 | w_loss  0.01  0.01
-----------------------------------------------------------------------------------------
| end epoch 251 | valid loss  5.06  4.43 | lr 0.00020|
-----------------------------------------------------------------------------------------
| epoch 252 |     0/  184 batches | ms/batch  6.48 | s_loss  0.01  0.01 | w_loss  0.01  0.01
-----------------------------------------------------------------------------------------
| end epoch 252 | valid loss  5.01  4.40 | lr 0.00020|
-----------------------------------------------------------------------------------------
| epoch 253 |     0/  184 batches | ms/batch  6.58 | s_loss  0.01  0.01 | w_loss  0.01  0.01
-----------------------------------------------------------------------------------------
| end epoch 253 | valid loss  5.09  4.45 | lr 0.00020|
-----------------------------------------------------------------------------------------
| epoch 254 |     0/  184 batches | ms/batch  6.72 | s_loss  0.01  0.01 | w_loss  0.01  0.01
-----------------------------------------------------------------------------------------
| end epoch 254 | valid loss  5.05  4.52 | lr 0.00020|
-----------------------------------------------------------------------------------------
| epoch 255 |     0/  184 batches | ms/batch  6.76 | s_loss  0.01  0.01 | w_loss  0.01  0.01
-----------------------------------------------------------------------------------------
| end epoch 255 | valid loss  5.04  4.50 | lr 0.00020|
-----------------------------------------------------------------------------------------
| epoch 256 |     0/  184 batches | ms/batch  6.44 | s_loss  0.01  0.01 | w_loss  0.01  0.01
-----------------------------------------------------------------------------------------
| end epoch 256 | valid loss  5.00  4.44 | lr 0.00020|
-----------------------------------------------------------------------------------------
| epoch 257 |     0/  184 batches | ms/batch  6.58 | s_loss  0.01  0.01 | w_loss  0.01  0.01
-----------------------------------------------------------------------------------------
